<?xml version="1.0" encoding="UTF-8"?>
<!-- Generated by org.testng.reporters.JUnitReportReporter -->
<testsuite hostname="localhost.localdomain" name="idv.hsiehpinghan.jenaarqassistant.assistant.JenaAssistantTest" tests="1" failures="0" timestamp="18 Mar 2018 18:14:32 GMT" time="0.728" errors="0">
  <testcase name="query" time="0.728" classname="idv.hsiehpinghan.jenaarqassistant.assistant.JenaAssistantTest"/>
</testsuite> <!-- idv.hsiehpinghan.jenaarqassistant.assistant.JenaAssistantTest -->
